<?xml version="1.0" encoding="UTF-8" standalone="yes"?>
<ns2:test-suite start="1485095381827" stop="1485095387224" version="1.4.24.RC3" xmlns:ns2="urn:model.allure.qatools.yandex.ru">
    <name>Default Suite : examples</name>
    <title>Default Suite : examples</title>
    <test-cases>
        <test-case start="1485095386886" stop="1485095387212" status="failed">
            <name>isSearchInputPresent</name>
            <description>To check whether the search input field is present on-screen</description>
            <failure>
                <message>AssertionError: Search input is displayed: The subject was expected to be false, but was true</message>
                <stack-trace>java.lang.AssertionError: Search input is displayed: The subject was expected to be false, but was true
	at elementnotpresent.test.IsSearchInputPresent.isSearchInputPresent(IsSearchInputPresent.java:17)
	at sun.reflect.NativeMethodAccessorImpl.invoke0(Native Method)
	at sun.reflect.NativeMethodAccessorImpl.invoke(NativeMethodAccessorImpl.java:62)
	at sun.reflect.DelegatingMethodAccessorImpl.invoke(DelegatingMethodAccessorImpl.java:43)
	at java.lang.reflect.Method.invoke(Method.java:498)
	at org.testng.internal.MethodInvocationHelper.invokeMethod(MethodInvocationHelper.java:104)
	at org.testng.internal.Invoker.invokeMethod(Invoker.java:645)
	at org.testng.internal.Invoker.invokeTestMethod(Invoker.java:851)
	at org.testng.internal.Invoker.invokeTestMethods(Invoker.java:1177)
	at org.testng.internal.TestMethodWorker.invokeTestMethods(TestMethodWorker.java:129)
	at org.testng.internal.TestMethodWorker.run(TestMethodWorker.java:112)
	at org.testng.TestRunner.privateRun(TestRunner.java:756)
	at org.testng.TestRunner.run(TestRunner.java:610)
	at org.testng.SuiteRunner.runTest(SuiteRunner.java:387)
	at org.testng.SuiteRunner.runSequentially(SuiteRunner.java:382)
	at org.testng.SuiteRunner.privateRun(SuiteRunner.java:340)
	at org.testng.SuiteRunner.run(SuiteRunner.java:289)
	at org.testng.SuiteRunnerWorker.runSuite(SuiteRunnerWorker.java:52)
	at org.testng.SuiteRunnerWorker.run(SuiteRunnerWorker.java:86)
	at org.testng.TestNG.runSuitesSequentially(TestNG.java:1293)
	at org.testng.TestNG.runSuitesLocally(TestNG.java:1218)
	at org.testng.TestNG.runSuites(TestNG.java:1133)
	at org.testng.TestNG.run(TestNG.java:1104)
	at org.testng.IDEARemoteTestNG.run(IDEARemoteTestNG.java:72)
	at org.testng.RemoteTestNGStarter.main(RemoteTestNGStarter.java:127)
	at sun.reflect.NativeMethodAccessorImpl.invoke0(Native Method)
	at sun.reflect.NativeMethodAccessorImpl.invoke(NativeMethodAccessorImpl.java:62)
	at sun.reflect.DelegatingMethodAccessorImpl.invoke(DelegatingMethodAccessorImpl.java:43)
	at java.lang.reflect.Method.invoke(Method.java:498)
	at com.intellij.rt.execution.application.AppMain.main(AppMain.java:147)
Caused by: java.lang.AssertionError: Search input is displayed: The subject was expected to be false, but was true
	at com.google.common.truth.FailureStrategy.fail(FailureStrategy.java:28)
	at com.google.common.truth.FailureStrategy.fail(FailureStrategy.java:22)
	at com.google.common.truth.AbstractVerb$MessagePrependingFailureStrategy.fail(AbstractVerb.java:131)
	at com.google.common.truth.Subject.failWithRawMessage(Subject.java:423)
	at com.google.common.truth.BooleanSubject.isFalse(BooleanSubject.java:44)
	... 30 more
</stack-trace>
            </failure>
            <steps/>
            <attachments/>
            <labels>
                <label name="testSuite" value="Default Suite"/>
                <label name="testGroup" value="examples"/>
                <label name="testClass" value="elementnotpresent.test.IsSearchInputPresent"/>
                <label name="testMethod" value="isSearchInputPresent"/>
                <label name="host" value="DESKTOP-S1NO9MQ"/>
                <label name="thread" value="3104@DESKTOP-S1NO9MQ.main(1)"/>
            </labels>
        </test-case>
    </test-cases>
    <labels>
        <label name="framework" value="TestNG"/>
        <label name="language" value="JAVA"/>
    </labels>
</ns2:test-suite>
